
Loading MNIST Data...

Loading Training Data...

Loading Testing Data...

Preparing Classifier Training and Validation Data...

Random Forest Classifier with n_estimators = 100, n_jobs = 10

Pickling the Classifier for Future Use...

Calculating Accuracy of trained Classifier...

Making Predictions on Validation Data...

Calculating Accuracy of Predictions...

Creating Confusion Matrix...

RFC Trained Classifier Confidence:  0.9703333333333334

Predicted Values:  [3 0 4 ... 3 6 7]

Accuracy of Classifier on Validation Image Data:  0.9703333333333334

Confusion Matrix: 
 [[586   0   1   0   1   0   0   0   7   0]
 [  0 662   1   2   2   0   0   1   1   0]
 [  2   1 567   3   2   0   3   3   1   1]
 [  0   1   5 580   1   6   0   1  11   2]
 [  0   1   1   0 581   0   1   1   4   6]
 [  4   0   3   7   0 522   4   1   1   3]
 [  3   0   0   0   0   5 605   0   2   0]
 [  0   2   7   0   3   0   0 628   0   7]
 [  0   2   2   4   2   7   3   1 527   5]
 [  1   1   0   5   5   3   0   7   5 564]]

Making Predictions on Test Input Images...

Calculating Accuracy of Trained Classifier on Test Data... 

 Creating Confusion Matrix for Test Data...

Predicted Labels for Test Images:  [7 2 1 ... 4 5 6]

Accuracy of Classifier on Test Images:  0.9686

Confusion Matrix for Test Data: 
 [[ 969    0    0    0    0    4    3    1    3    0]
 [   0 1123    3    3    0    2    2    1    1    0]
 [   6    0  996    8    3    0    4    8    5    2]
 [   0    0   12  970    0    8    0    9    8    3]
 [   1    0    0    0  953    0    5    0    5   18]
 [   3    0    1   14    3  854    5    3    7    2]
 [   6    3    0    0    3    4  939    0    3    0]
 [   1    3   22    1    0    0    0  985    3   13]
 [   4    0    5    8    5    3    4    4  932    9]
 [   5    5    3    9    7    4    1    3    7  965]]
